<?xml version="1.0" encoding="UTF-8"?>
<!-- Generated by org.testng.reporters.JUnitXMLReporter -->
<testsuite ignored="0" hostname="Sanket-hp-pavilion" failures="5" tests="49" name="AllTestCases_Test" time="203.856" errors="0" timestamp="2024-06-13T00:56:57 IST">
  <testcase classname="testCases.Cart_Page_Test" name="verifyAppLogoTitleTest" time="0.041">
    <failure type="java.lang.AssertionError" message="expected [Swag Labs] but found [Swag ]">
      <![CDATA[java.lang.AssertionError: expected [Swag Labs] but found [Swag ]
at testCases.Cart_Page_Test.verifyAppLogoTitleTest(Cart_Page_Test.java:58)
at java.base/java.util.ArrayList.forEach(ArrayList.java:1511)
... Removed 33 stack frames]]>
    </failure>
  </testcase> <!-- verifyAppLogoTitleTest -->
  <testcase classname="testCases.Cart_Page_Test" name="verifyCartPageURLTest" time="0.014"/>
  <testcase classname="testCases.Cart_Page_Test" name="verifyCheckoutBtnTest" time="0.082"/>
  <testcase classname="testCases.Cart_Page_Test" name="verifyContinueShoppingBtnTest" time="0.095"/>
  <testcase classname="testCases.Cart_Page_Test" name="verifyMenuBtnTest" time="0.053"/>
  <testcase classname="testCases.Cart_Page_Test" name="verifyPageTitleTest" time="0.025"/>
  <testcase classname="testCases.Cart_Page_Test" name="verifyProdDescriptionLabelTest" time="0.028"/>
  <testcase classname="testCases.Cart_Page_Test" name="verifyprodQuantityLabelTest" time="0.028"/>
  <testcase classname="testCases.LoginPage_Test" name="loginToApplicationTest" time="1.528"/>
  <testcase classname="testCases.LoginPage_Test" name="verifyTitleofApplicationTest" time="0.045">
    <failure type="java.lang.NullPointerException" message="Cannot invoke &amp;quot;org.apache.poi.ss.usermodel.Cell.getStringCellValue()&amp;quot; because the return value of &amp;quot;org.apache.poi.ss.usermodel.Row.getCell(int)&amp;quot; is null">
      <![CDATA[java.lang.NullPointerException: Cannot invoke "org.apache.poi.ss.usermodel.Cell.getStringCellValue()" because the return value of "org.apache.poi.ss.usermodel.Row.getCell(int)" is null
at utility.ReadData.readExcel(ReadData.java:26)
at testCases.LoginPage_Test.verifyTitleofApplicationTest(LoginPage_Test.java:47)
at java.base/java.util.ArrayList.forEach(ArrayList.java:1511)
... Removed 27 stack frames]]>
    </failure>
  </testcase> <!-- verifyTitleofApplicationTest -->
  <testcase classname="testCases.LoginPage_Test" name="verifyURLofApplicationTest" time="0.049"/>
  <testcase classname="testCases.Checkout_Step_Two_Page_Test" name="clickOnCancelBtnTest" time="0.079"/>
  <testcase classname="testCases.Checkout_Step_Two_Page_Test" name="clickOnFinishBtnTest" time="0.061"/>
  <testcase classname="testCases.Checkout_Step_Two_Page_Test" name="verifyAppLogoTitleTest" time="0.027">
    <failure type="java.lang.AssertionError" message="expected [Swag Labs] but found [Swag ]">
      <![CDATA[java.lang.AssertionError: expected [Swag Labs] but found [Swag ]
at testCases.Checkout_Step_Two_Page_Test.verifyAppLogoTitleTest(Checkout_Step_Two_Page_Test.java:56)
at java.base/java.util.ArrayList.forEach(ArrayList.java:1511)
... Removed 33 stack frames]]>
    </failure>
  </testcase> <!-- verifyAppLogoTitleTest -->
  <testcase classname="testCases.Checkout_Step_Two_Page_Test" name="verifyFacebookLogoTest" time="0.028"/>
  <testcase classname="testCases.Checkout_Step_Two_Page_Test" name="verifyFooterTextTest" time="0.025"/>
  <testcase classname="testCases.Checkout_Step_Two_Page_Test" name="verifyLinkedinLogotest" time="0.031"/>
  <testcase classname="testCases.Checkout_Step_Two_Page_Test" name="verifyMenuBtnTest" time="0.028"/>
  <testcase classname="testCases.Checkout_Step_Two_Page_Test" name="verifyPageTitleTest" time="0.023"/>
  <testcase classname="testCases.Checkout_Step_Two_Page_Test" name="verifyPaymentInfoLabelTest" time="0.027"/>
  <testcase classname="testCases.Checkout_Step_Two_Page_Test" name="verifyPaymentInfoValueTest" time="0.022"/>
  <testcase classname="testCases.Checkout_Step_Two_Page_Test" name="verifyProdDescriptionLabelTest" time="0.023"/>
  <testcase classname="testCases.Checkout_Step_Two_Page_Test" name="verifyShippingInfoLabelTest" time="0.03"/>
  <testcase classname="testCases.Checkout_Step_Two_Page_Test" name="verifyShippingInfoValueTest" time="0.028"/>
  <testcase classname="testCases.Checkout_Step_Two_Page_Test" name="verifySubTotalTest" time="0.021"/>
  <testcase classname="testCases.Checkout_Step_Two_Page_Test" name="verifyTaxTest" time="0.02"/>
  <testcase classname="testCases.Checkout_Step_Two_Page_Test" name="verifyTotalInfoLabelTest" time="0.024"/>
  <testcase classname="testCases.Checkout_Step_Two_Page_Test" name="verifyTotalTest" time="0.019"/>
  <testcase classname="testCases.Checkout_Step_Two_Page_Test" name="verifyTwitterLogoTest" time="0.028"/>
  <testcase classname="testCases.Checkout_Step_Two_Page_Test" name="verifyprodQuantityLabelTest" time="0.021"/>
  <testcase classname="testCases.Checkout_Step_One_Page_Test" name="clickOnCancelBtnTest" time="0.063"/>
  <testcase classname="testCases.Checkout_Step_One_Page_Test" name="inputInformationTest" time="0.319"/>
  <testcase classname="testCases.Checkout_Step_One_Page_Test" name="verifyAppLogoTitleTest" time="0.025">
    <failure type="java.lang.AssertionError" message="expected [Swag Labs] but found [Swag ]">
      <![CDATA[java.lang.AssertionError: expected [Swag Labs] but found [Swag ]
at testCases.Checkout_Step_One_Page_Test.verifyAppLogoTitleTest(Checkout_Step_One_Page_Test.java:68)
at java.base/java.util.ArrayList.forEach(ArrayList.java:1511)
... Removed 33 stack frames]]>
    </failure>
  </testcase> <!-- verifyAppLogoTitleTest -->
  <testcase classname="testCases.Checkout_Step_One_Page_Test" name="verifyFacebookLogoTest" time="0.026"/>
  <testcase classname="testCases.Checkout_Step_One_Page_Test" name="verifyFooterTextTest" time="0.022"/>
  <testcase classname="testCases.Checkout_Step_One_Page_Test" name="verifyLinkedinLogotest" time="0.03"/>
  <testcase classname="testCases.Checkout_Step_One_Page_Test" name="verifyMenuBtnTest" time="0.027"/>
  <testcase classname="testCases.Checkout_Step_One_Page_Test" name="verifyPageTitleTest" time="0.025"/>
  <testcase classname="testCases.Checkout_Step_One_Page_Test" name="verifyTwitterLogoTest" time="0.029"/>
  <testcase classname="testCases.Inventory_Page_Test" name="add6ProductsTest" time="0.528"/>
  <testcase classname="testCases.Inventory_Page_Test" name="enterToCartTest" time="0.106"/>
  <testcase classname="testCases.Inventory_Page_Test" name="removeProductTest" time="0.634"/>
  <testcase classname="testCases.Inventory_Page_Test" name="verifyAppLogoTitleTest" time="0.032">
    <failure type="java.lang.AssertionError" message="expected [Swag Labs] but found [Swag ]">
      <![CDATA[java.lang.AssertionError: expected [Swag Labs] but found [Swag ]
at testCases.Inventory_Page_Test.verifyAppLogoTitleTest(Inventory_Page_Test.java:82)
at java.base/java.util.ArrayList.forEach(ArrayList.java:1511)
... Removed 33 stack frames]]>
    </failure>
  </testcase> <!-- verifyAppLogoTitleTest -->
  <testcase classname="testCases.Inventory_Page_Test" name="verifyFacebookLogoTest" time="0.04"/>
  <testcase classname="testCases.Inventory_Page_Test" name="verifyFooterTextTest" time="0.033"/>
  <testcase classname="testCases.Inventory_Page_Test" name="verifyLinkedinLogotest" time="0.039"/>
  <testcase classname="testCases.Inventory_Page_Test" name="verifyMenuBtnTest" time="0.032"/>
  <testcase classname="testCases.Inventory_Page_Test" name="verifyPageTitleTest" time="0.072"/>
  <testcase classname="testCases.Inventory_Page_Test" name="verifyTwitterLogoTest" time="0.032"/>
</testsuite> <!-- AllTestCases_Test -->
